{"total": {"lines":{"total":749,"covered":744,"skipped":0,"pct":99.33},"statements":{"total":818,"covered":804,"skipped":0,"pct":98.28},"functions":{"total":161,"covered":155,"skipped":0,"pct":96.27},"branches":{"total":511,"covered":497,"skipped":0,"pct":97.26},"branchesTrue":{"total":0,"covered":0,"skipped":0,"pct":100}}
,"C:\\Users\\zeusa\\Downloads\\Projects\\blueberry_game\\packages\\interaction\\src\\commands.ts": {"lines":{"total":1,"covered":1,"skipped":0,"pct":100},"functions":{"total":1,"covered":1,"skipped":0,"pct":100},"statements":{"total":1,"covered":1,"skipped":0,"pct":100},"branches":{"total":0,"covered":0,"skipped":0,"pct":100}}
,"C:\\Users\\zeusa\\Downloads\\Projects\\blueberry_game\\packages\\interaction\\src\\document.ts": {"lines":{"total":9,"covered":9,"skipped":0,"pct":100},"functions":{"total":4,"covered":4,"skipped":0,"pct":100},"statements":{"total":11,"covered":11,"skipped":0,"pct":100},"branches":{"total":6,"covered":6,"skipped":0,"pct":100}}
,"C:\\Users\\zeusa\\Downloads\\Projects\\blueberry_game\\packages\\interaction\\src\\effects.ts": {"lines":{"total":1,"covered":1,"skipped":0,"pct":100},"functions":{"total":1,"covered":1,"skipped":0,"pct":100},"statements":{"total":1,"covered":1,"skipped":0,"pct":100},"branches":{"total":0,"covered":0,"skipped":0,"pct":100}}
,"C:\\Users\\zeusa\\Downloads\\Projects\\blueberry_game\\packages\\interaction\\src\\geometryPort.ts": {"lines":{"total":2,"covered":2,"skipped":0,"pct":100},"functions":{"total":1,"covered":1,"skipped":0,"pct":100},"statements":{"total":2,"covered":2,"skipped":0,"pct":100},"branches":{"total":0,"covered":0,"skipped":0,"pct":100}}
,"C:\\Users\\zeusa\\Downloads\\Projects\\blueberry_game\\packages\\interaction\\src\\ids.ts": {"lines":{"total":0,"covered":0,"skipped":0,"pct":100},"functions":{"total":0,"covered":0,"skipped":0,"pct":100},"statements":{"total":0,"covered":0,"skipped":0,"pct":100},"branches":{"total":0,"covered":0,"skipped":0,"pct":100}}
,"C:\\Users\\zeusa\\Downloads\\Projects\\blueberry_game\\packages\\interaction\\src\\index.ts": {"lines":{"total":0,"covered":0,"skipped":0,"pct":100},"functions":{"total":0,"covered":0,"skipped":0,"pct":100},"statements":{"total":0,"covered":0,"skipped":0,"pct":100},"branches":{"total":0,"covered":0,"skipped":0,"pct":100}}
,"C:\\Users\\zeusa\\Downloads\\Projects\\blueberry_game\\packages\\interaction\\src\\machine.ts": {"lines":{"total":127,"covered":127,"skipped":0,"pct":100},"functions":{"total":29,"covered":29,"skipped":0,"pct":100},"statements":{"total":133,"covered":133,"skipped":0,"pct":100},"branches":{"total":90,"covered":90,"skipped":0,"pct":100}}
,"C:\\Users\\zeusa\\Downloads\\Projects\\blueberry_game\\packages\\interaction\\src\\notices.ts": {"lines":{"total":3,"covered":3,"skipped":0,"pct":100},"functions":{"total":2,"covered":2,"skipped":0,"pct":100},"statements":{"total":3,"covered":3,"skipped":0,"pct":100},"branches":{"total":2,"covered":2,"skipped":0,"pct":100}}
,"C:\\Users\\zeusa\\Downloads\\Projects\\blueberry_game\\packages\\interaction\\src\\pointer.ts": {"lines":{"total":12,"covered":12,"skipped":0,"pct":100},"functions":{"total":3,"covered":3,"skipped":0,"pct":100},"statements":{"total":12,"covered":12,"skipped":0,"pct":100},"branches":{"total":8,"covered":8,"skipped":0,"pct":100}}
,"C:\\Users\\zeusa\\Downloads\\Projects\\blueberry_game\\packages\\interaction\\src\\store.ts": {"lines":{"total":15,"covered":15,"skipped":0,"pct":100},"functions":{"total":5,"covered":5,"skipped":0,"pct":100},"statements":{"total":18,"covered":18,"skipped":0,"pct":100},"branches":{"total":2,"covered":2,"skipped":0,"pct":100}}
,"C:\\Users\\zeusa\\Downloads\\Projects\\blueberry_game\\packages\\interaction\\src\\targets.ts": {"lines":{"total":18,"covered":18,"skipped":0,"pct":100},"functions":{"total":3,"covered":3,"skipped":0,"pct":100},"statements":{"total":18,"covered":18,"skipped":0,"pct":100},"branches":{"total":21,"covered":21,"skipped":0,"pct":100}}
,"C:\\Users\\zeusa\\Downloads\\Projects\\blueberry_game\\packages\\interaction\\src\\geometry\\fingertip.ts": {"lines":{"total":108,"covered":108,"skipped":0,"pct":100},"functions":{"total":13,"covered":13,"skipped":0,"pct":100},"statements":{"total":117,"covered":115,"skipped":0,"pct":98.29},"branches":{"total":41,"covered":38,"skipped":0,"pct":92.68}}
,"C:\\Users\\zeusa\\Downloads\\Projects\\blueberry_game\\packages\\interaction\\src\\geometry\\hit-test.ts": {"lines":{"total":50,"covered":50,"skipped":0,"pct":100},"functions":{"total":7,"covered":7,"skipped":0,"pct":100},"statements":{"total":60,"covered":59,"skipped":0,"pct":98.33},"branches":{"total":34,"covered":30,"skipped":0,"pct":88.23}}
,"C:\\Users\\zeusa\\Downloads\\Projects\\blueberry_game\\packages\\interaction\\src\\geometry\\index.ts": {"lines":{"total":0,"covered":0,"skipped":0,"pct":100},"functions":{"total":0,"covered":0,"skipped":0,"pct":100},"statements":{"total":0,"covered":0,"skipped":0,"pct":100},"branches":{"total":0,"covered":0,"skipped":0,"pct":100}}
,"C:\\Users\\zeusa\\Downloads\\Projects\\blueberry_game\\packages\\interaction\\src\\geometry\\minimum-target.ts": {"lines":{"total":15,"covered":15,"skipped":0,"pct":100},"functions":{"total":6,"covered":6,"skipped":0,"pct":100},"statements":{"total":19,"covered":18,"skipped":0,"pct":94.73},"branches":{"total":9,"covered":8,"skipped":0,"pct":88.88}}
,"C:\\Users\\zeusa\\Downloads\\Projects\\blueberry_game\\packages\\interaction\\src\\geometry\\reference-layouts.ts": {"lines":{"total":20,"covered":20,"skipped":0,"pct":100},"functions":{"total":7,"covered":7,"skipped":0,"pct":100},"statements":{"total":21,"covered":21,"skipped":0,"pct":100},"branches":{"total":11,"covered":10,"skipped":0,"pct":90.9}}
,"C:\\Users\\zeusa\\Downloads\\Projects\\blueberry_game\\packages\\interaction\\src\\geometry\\targets.ts": {"lines":{"total":26,"covered":25,"skipped":0,"pct":96.15},"functions":{"total":5,"covered":4,"skipped":0,"pct":80},"statements":{"total":27,"covered":26,"skipped":0,"pct":96.29},"branches":{"total":13,"covered":10,"skipped":0,"pct":76.92}}
,"C:\\Users\\zeusa\\Downloads\\Projects\\blueberry_game\\packages\\interaction\\src\\geometry\\tolerance.ts": {"lines":{"total":37,"covered":35,"skipped":0,"pct":94.59},"functions":{"total":10,"covered":7,"skipped":0,"pct":70},"statements":{"total":47,"covered":41,"skipped":0,"pct":87.23},"branches":{"total":21,"covered":19,"skipped":0,"pct":90.47}}
,"C:\\Users\\zeusa\\Downloads\\Projects\\blueberry_game\\packages\\interaction\\src\\geometry\\units.ts": {"lines":{"total":13,"covered":11,"skipped":0,"pct":84.61},"functions":{"total":5,"covered":3,"skipped":0,"pct":60},"statements":{"total":13,"covered":11,"skipped":0,"pct":84.61},"branches":{"total":0,"covered":0,"skipped":0,"pct":100}}
,"C:\\Users\\zeusa\\Downloads\\Projects\\blueberry_game\\packages\\interaction\\src\\shapes\\arrowInference.ts": {"lines":{"total":25,"covered":25,"skipped":0,"pct":100},"functions":{"total":3,"covered":3,"skipped":0,"pct":100},"statements":{"total":25,"covered":25,"skipped":0,"pct":100},"branches":{"total":25,"covered":25,"skipped":0,"pct":100}}
,"C:\\Users\\zeusa\\Downloads\\Projects\\blueberry_game\\packages\\interaction\\src\\shapes\\index.ts": {"lines":{"total":26,"covered":26,"skipped":0,"pct":100},"functions":{"total":5,"covered":5,"skipped":0,"pct":100},"statements":{"total":30,"covered":30,"skipped":0,"pct":100},"branches":{"total":28,"covered":28,"skipped":0,"pct":100}}
,"C:\\Users\\zeusa\\Downloads\\Projects\\blueberry_game\\packages\\interaction\\src\\shapes\\mechanism.ts": {"lines":{"total":69,"covered":69,"skipped":0,"pct":100},"functions":{"total":14,"covered":14,"skipped":0,"pct":100},"statements":{"total":75,"covered":75,"skipped":0,"pct":100},"branches":{"total":59,"covered":59,"skipped":0,"pct":100}}
,"C:\\Users\\zeusa\\Downloads\\Projects\\blueberry_game\\packages\\interaction\\src\\shapes\\outcome.ts": {"lines":{"total":5,"covered":5,"skipped":0,"pct":100},"functions":{"total":4,"covered":4,"skipped":0,"pct":100},"statements":{"total":5,"covered":5,"skipped":0,"pct":100},"branches":{"total":3,"covered":3,"skipped":0,"pct":100}}
,"C:\\Users\\zeusa\\Downloads\\Projects\\blueberry_game\\packages\\interaction\\src\\shapes\\ranking.ts": {"lines":{"total":30,"covered":30,"skipped":0,"pct":100},"functions":{"total":6,"covered":6,"skipped":0,"pct":100},"statements":{"total":33,"covered":33,"skipped":0,"pct":100},"branches":{"total":27,"covered":27,"skipped":0,"pct":100}}
,"C:\\Users\\zeusa\\Downloads\\Projects\\blueberry_game\\packages\\interaction\\src\\shapes\\reagents.ts": {"lines":{"total":38,"covered":38,"skipped":0,"pct":100},"functions":{"total":10,"covered":10,"skipped":0,"pct":100},"statements":{"total":43,"covered":43,"skipped":0,"pct":100},"branches":{"total":38,"covered":38,"skipped":0,"pct":100}}
,"C:\\Users\\zeusa\\Downloads\\Projects\\blueberry_game\\packages\\interaction\\src\\shapes\\structure.ts": {"lines":{"total":99,"covered":99,"skipped":0,"pct":100},"functions":{"total":17,"covered":17,"skipped":0,"pct":100},"statements":{"total":104,"covered":103,"skipped":0,"pct":99.03},"branches":{"total":73,"covered":73,"skipped":0,"pct":100}}
}
